Ch02/02_06/Flavors/app/build/outputs/mapping/demo/release/mapping.txt
com.example.android.data.DataItemAdapter -> com.example.android.data.a:
    java.util.List mItems -> a
    android.content.Context mContext -> b
    android.content.SharedPreferences$OnSharedPreferenceChangeListener prefsListener -> c
    void <init>(android.content.Context,java.util.List) -> <init>
    com.example.android.data.DataItemAdapter$ViewHolder onCreateViewHolder(android.view.ViewGroup,int) -> c
    void onBindViewHolder(com.example.android.data.DataItemAdapter$ViewHolder,int) -> a
    int getItemCount() -> a
    void onBindViewHolder(android.support.v7.widget.RecyclerView$ViewHolder,int) -> a
    android.support.v7.widget.RecyclerView$ViewHolder onCreateViewHolder(android.view.ViewGroup,int) -> a
    android.content.Context access$000(com.example.android.data.DataItemAdapter) -> a
com.example.android.data.DataItemAdapter$1 -> com.example.android.data.a$1:
    com.example.android.data.DataItemAdapter this$0 -> a
    void <init>(com.example.android.data.DataItemAdapter) -> <init>
    void onSharedPreferenceChanged(android.content.SharedPreferences,java.lang.String) -> onSharedPreferenceChanged
com.example.android.data.DataItemAdapter$2 -> com.example.android.data.a$2:
    com.example.android.data.model.DataItem val$item -> a
    com.example.android.data.DataItemAdapter this$0 -> b
    void <init>(com.example.android.data.DataItemAdapter,com.example.android.data.model.DataItem) -> <init>
    void onClick(android.view.View) -> onClick
com.example.android.data.DataItemAdapter$3 -> com.example.android.data.a$3:
    com.example.android.data.model.DataItem val$item -> a
    com.example.android.data.DataItemAdapter this$0 -> b
    void <init>(com.example.android.data.DataItemAdapter,com.example.android.data.model.DataItem) -> <init>
    boolean onLongClick(android.view.View) -> onLongClick
com.example.android.data.DataItemAdapter$ViewHolder -> com.example.android.data.a$a:
    android.widget.TextView tvName -> l
    android.widget.ImageView imageView -> m
    android.view.View mView -> n
    void <init>(android.view.View) -> <init>
com.example.android.data.DetailActivity -> com.example.android.data.DetailActivity:
    android.widget.TextView tvName -> m
    android.widget.TextView tvDescription -> n
    android.widget.TextView tvPrice -> o
    android.widget.ImageView itemImage -> p
    void <init>() -> <init>
    void onCreate(android.os.Bundle) -> onCreate
com.example.android.data.MainActivity -> com.example.android.data.MainActivity:
    java.util.List dataItemList -> m
    com.example.android.data.database.DataSource mDataSource -> n
    java.util.List listFromDB -> o
    android.support.v4.widget.DrawerLayout mDrawerLayout -> p
    android.widget.ListView mDrawerList -> q
    java.lang.String[] mCategories -> r
    android.support.v7.widget.RecyclerView mRecyclerView -> s
    com.example.android.data.DataItemAdapter mItemAdapter -> t
    void <init>() -> <init>
    void onCreate(android.os.Bundle) -> onCreate
    void displayDataItems(java.lang.String) -> a
    void onPause() -> onPause
    void onResume() -> onResume
    boolean onCreateOptionsMenu(android.view.Menu) -> onCreateOptionsMenu
    boolean onOptionsItemSelected(android.view.MenuItem) -> onOptionsItemSelected
    void onActivityResult(int,int,android.content.Intent) -> onActivityResult
    void access$000(com.example.android.data.MainActivity,java.lang.String) -> a
com.example.android.data.MainActivity$1 -> com.example.android.data.MainActivity$1:
    com.example.android.data.MainActivity this$0 -> a
    void <init>(com.example.android.data.MainActivity) -> <init>
    void onItemClick(android.widget.AdapterView,android.view.View,int,long) -> onItemClick
com.example.android.data.PrefsActivity -> com.example.android.data.PrefsActivity:
    void <init>() -> <init>
    void onCreate(android.os.Bundle) -> onCreate
...
android.support.v7.graphics.drawable.DrawableWrapper -> android.support.v7.d.a.a:
    android.graphics.drawable.Drawable mDrawable -> a
    void <init>(android.graphics.drawable.Drawable) -> <init>
    void draw(android.graphics.Canvas) -> draw
    void onBoundsChange(android.graphics.Rect) -> onBoundsChange
    void setChangingConfigurations(int) -> setChangingConfigurations
    int getChangingConfigurations() -> getChangingConfigurations
    void setDither(boolean) -> setDither
    void setFilterBitmap(boolean) -> setFilterBitmap
    void setAlpha(int) -> setAlpha
    void setColorFilter(android.graphics.ColorFilter) -> setColorFilter
    boolean isStateful() -> isStateful
    boolean setState(int[]) -> setState
    int[] getState() -> getState
    void jumpToCurrentState() -> jumpToCurrentState
    android.graphics.drawable.Drawable getCurrent() -> getCurrent
    boolean setVisible(boolean,boolean) -> setVisible
    int getOpacity() -> getOpacity
    android.graphics.Region getTransparentRegion() -> getTransparentRegion
    int getIntrinsicWidth() -> getIntrinsicWidth
    int getIntrinsicHeight() -> getIntrinsicHeight
    int getMinimumWidth() -> getMinimumWidth
    int getMinimumHeight() -> getMinimumHeight
    boolean getPadding(android.graphics.Rect) -> getPadding
    void invalidateDrawable(android.graphics.drawable.Drawable) -> invalidateDrawable
    void scheduleDrawable(android.graphics.drawable.Drawable,java.lang.Runnable,long) -> scheduleDrawable
android.support.v7.recyclerview.R -> android.support.v7.e.a:
android.support.v7.recyclerview.R$styleable -> android.support.v7.e.a$a:
    int[] RecyclerView -> RecyclerView
    int RecyclerView_android_orientation -> RecyclerView_android_orientation
    int RecyclerView_android_descendantFocusability -> RecyclerView_android_descendantFocusability
    int RecyclerView_layoutManager -> RecyclerView_layoutManager
    int RecyclerView_reverseLayout -> RecyclerView_reverseLayout
    int RecyclerView_spanCount -> RecyclerView_spanCount
    int RecyclerView_stackFromEnd -> RecyclerView_stackFromEnd
    void <clinit>() -> <clinit>
android.support.v7.text.AllCapsTransformationMethod -> android.support.v7.f.a:
    java.util.Locale mLocale -> a
    void <init>(android.content.Context) -> <init>
    java.lang.CharSequence getTransformation(java.lang.CharSequence,android.view.View) -> getTransformation
    void onFocusChanged(android.view.View,java.lang.CharSequence,boolean,int,android.graphics.Rect) -> onFocusChanged
android.support.v7.transition.ActionBarTransition -> android.support.v7.g.a:
    void beginDelayedTransition(android.view.ViewGroup) -> a
android.support.v7.view.ActionBarPolicy -> android.support.v7.view.a:
    android.content.Context mContext -> a
    android.support.v7.view.ActionBarPolicy get(android.content.Context) -> a
    void <init>(android.content.Context) -> <init>
    int getMaxActionButtons() -> a
    boolean showsOverflowMenuButton() -> b
    int getEmbeddedMenuWidthLimit() -> c
    boolean hasEmbeddedTabs() -> d
    int getTabContainerHeight() -> e
    boolean enableHomeButtonByDefault() -> f
    int getStackedTabMaxWidth() -> g
android.support.v7.view.ActionMode -> android.support.v7.view.b:
    java.lang.Object mTag -> a
    boolean mTitleOptionalHint -> b
    void <init>() -> <init>
    void setTag(java.lang.Object) -> a
    java.lang.Object getTag() -> j
    void setTitle(java.lang.CharSequence) -> b
    void setTitle(int) -> a
    void setSubtitle(java.lang.CharSequence) -> a
    void setSubtitle(int) -> b
    void setTitleOptionalHint(boolean) -> a
    boolean getTitleOptionalHint() -> k
    boolean isTitleOptional() -> h
    void setCustomView(android.view.View) -> a
    void invalidate() -> d
    void finish() -> c
    android.view.Menu getMenu() -> b
    java.lang.CharSequence getTitle() -> f
    java.lang.CharSequence getSubtitle() -> g
    android.view.View getCustomView() -> i
    android.view.MenuInflater getMenuInflater() -> a