Ch02/02_06/Flavors/app/build/outputs/mapping/demo/release/usage.txt
com.example.android.data.BuildConfig
com.example.android.data.DataItemAdapter:
    static final java.lang.String ITEM_KEY
com.example.android.data.DataItemAdapterListView
com.example.android.data.MainActivity:
    private static final int SIGNIN_REQUEST
    public static final java.lang.String MY_GLOBAL_PREFS
    private static final java.lang.String TAG
com.example.android.data.PrefsActivity:
    private static final java.lang.String TAG
com.example.android.data.R
com.example.android.data.R$anim
com.example.android.data.R$array
com.example.android.data.R$attr
com.example.android.data.R$bool
com.example.android.data.R$color
com.example.android.data.R$dimen
com.example.android.data.R$drawable
com.example.android.data.R$id
com.example.android.data.R$integer
com.example.android.data.R$layout
com.example.android.data.R$menu
com.example.android.data.R$mipmap
com.example.android.data.R$string
com.example.android.data.R$style
com.example.android.data.R$styleable
com.example.android.data.R$xml
com.example.android.data.SigninActivity:
    public static final java.lang.String EMAIL_KEY
com.example.android.data.database.DBHelper:
    public static final java.lang.String DB_FILE_NAME
    public static final int DB_VERSION
com.example.android.data.database.ItemsTable:
    public static final java.lang.String TABLE_ITEMS
    public static final java.lang.String COLUMN_ID
    public static final java.lang.String COLUMN_NAME
    public static final java.lang.String COLUMN_DESCRIPTION
    public static final java.lang.String COLUMN_CATEGORY
    public static final java.lang.String COLUMN_POSITION
    public static final java.lang.String COLUMN_PRICE
    public static final java.lang.String COLUMN_IMAGE
    public static final java.lang.String SQL_CREATE
    public static final java.lang.String SQL_DELETE
    3:3:public ItemsTable()
com.example.android.data.model.DataItem:
    64:64:public java.lang.String getCategory()
    72:72:public int getSortPosition()
com.example.android.data.sample.SampleDataProvider:
    10:10:public SampleDataProvider()
...
android.support.transition.TransitionSetPort
android.support.transition.TransitionSetPort$1
android.support.transition.TransitionSetPort$TransitionSetListener
android.support.transition.TransitionValues
android.support.transition.TransitionValuesMaps
android.support.transition.ViewGroupOverlay
android.support.transition.ViewOverlay
android.support.transition.ViewOverlay$OverlayViewGroup
android.support.transition.ViewOverlay$OverlayViewGroup$TouchInterceptor
android.support.transition.Visibility
android.support.transition.VisibilityIcs
android.support.transition.VisibilityIcs$VisibilityWrapper
android.support.transition.VisibilityImpl
android.support.transition.VisibilityInterface
android.support.transition.VisibilityKitKat
android.support.transition.VisibilityKitKat$VisibilityWrapper
android.support.transition.VisibilityPort
android.support.transition.VisibilityPort$VisibilityInfo
android.support.transition.WindowIdPort
android.support.v4.BuildConfig
android.support.v4.R
android.support.v4.accessibilityservice.AccessibilityServiceInfoCompat
android.support.v4.accessibilityservice.AccessibilityServiceInfoCompat$AccessibilityServiceInfoIcsImpl
android.support.v4.accessibilityservice.AccessibilityServiceInfoCompat$AccessibilityServiceInfoJellyBeanImpl
android.support.v4.accessibilityservice.AccessibilityServiceInfoCompat$AccessibilityServiceInfoJellyBeanMr2Impl
android.support.v4.accessibilityservice.AccessibilityServiceInfoCompat$AccessibilityServiceInfoStubImpl
android.support.v4.accessibilityservice.AccessibilityServiceInfoCompat$AccessibilityServiceInfoVersionImpl
android.support.v4.accessibilityservice.AccessibilityServiceInfoCompatIcs
android.support.v4.accessibilityservice.AccessibilityServiceInfoCompatJellyBean
android.support.v4.accessibilityservice.AccessibilityServiceInfoCompatJellyBeanMr2
android.support.v4.animation.AnimatorCompatHelper:
    42:42:public static android.support.v4.animation.ValueAnimatorCompat emptyValueAnimator()
    45:45:private AnimatorCompatHelper()
android.support.v4.animation.AnimatorListenerCompat
android.support.v4.animation.AnimatorProvider:
    public abstract android.support.v4.animation.ValueAnimatorCompat emptyValueAnimator()
android.support.v4.animation.AnimatorUpdateListenerCompat
android.support.v4.animation.GingerbreadAnimatorCompatProvider:
    33:33:public android.support.v4.animation.ValueAnimatorCompat emptyValueAnimator()
android.support.v4.animation.GingerbreadAnimatorCompatProvider$GingerbreadFloatValueAnimator
android.support.v4.animation.GingerbreadAnimatorCompatProvider$GingerbreadFloatValueAnimator$1
android.support.v4.animation.HoneycombMr1AnimatorCompatProvider:
    37:37:public android.support.v4.animation.ValueAnimatorCompat emptyValueAnimator()
android.support.v4.animation.HoneycombMr1AnimatorCompatProvider$AnimatorListenerCompatWrapper
android.support.v4.animation.HoneycombMr1AnimatorCompatProvider$HoneycombValueAnimatorCompat
android.support.v4.animation.HoneycombMr1AnimatorCompatProvider$HoneycombValueAnimatorCompat$1
android.support.v4.animation.ValueAnimatorCompat
android.support.v4.app.ActionBarDrawerToggle
android.support.v4.app.ActionBarDrawerToggle$ActionBarDrawerToggleImpl
android.support.v4.app.ActionBarDrawerToggle$ActionBarDrawerToggleImplBase
android.support.v4.app.ActionBarDrawerToggle$ActionBarDrawerToggleImplHC
android.support.v4.app.ActionBarDrawerToggle$ActionBarDrawerToggleImplJellybeanMR2
android.support.v4.app.ActionBarDrawerToggle$Delegate
android.support.v4.app.ActionBarDrawerToggle$DelegateProvider
android.support.v4.app.ActionBarDrawerToggle$SlideDrawable
android.support.v4.app.ActionBarDrawerToggleHoneycomb
android.support.v4.app.ActionBarDrawerToggleHoneycomb$SetIndicatorInfo
android.support.v4.app.ActionBarDrawerToggleJellybeanMR2